<?xml version="1.0" encoding="UTF-8"?>
<!-- Generated by org.testng.reporters.JUnitXMLReporter -->
<testsuite ignored="0" hostname="DESKTOP-S812CDK" failures="0" tests="2" name="Error Validation Test" time="13.812" errors="0" timestamp="2024-02-26T21:55:55 CET">
  <testcase classname="iWieczor.Tests.ErrorLoginValidationTest" name="errorLogin" time="0.652"/>
  <testcase classname="iWieczor.Tests.ErrorLoginValidationTest" name="errorProduct" time="4.137"/>
</testsuite> <!-- Error Validation Test -->
