<?xml version="1.0" encoding="UTF-8"?>
<!-- Generated by org.testng.reporters.JUnitXMLReporter -->
<testsuite ignored="2" hostname="DESKTOP-PQVFK9J" failures="0" tests="0" time="0.008" errors="0" timestamp="2024-03-03T15:53:39 CET">
  <testcase classname="iWieczor.Tests.ErrorLoginValidationTest" name="errorProduct" time="0.0">
    <ignored/>
  </testcase> <!-- errorProduct -->
  <testcase classname="iWieczor.Tests.ErrorLoginValidationTest" name="errorLogin" time="0.0">
    <ignored/>
  </testcase> <!-- errorLogin -->
</testsuite>
