<?xml version="1.0" encoding="UTF-8"?>
<!-- Generated by org.testng.reporters.JUnitXMLReporter -->
<testsuite ignored="0" hostname="DESKTOP-PQVFK9J" failures="0" tests="4" name="LoginTest" time="19.861" errors="0" timestamp="2024-03-10T14:50:25 CET">
  <testcase classname="iWieczor.Tests.LoginTest" name="invalidCredentials" time="0.209"/>
  <testcase classname="iWieczor.Tests.LoginTest" name="invalidLogin" time="0.504"/>
  <testcase classname="iWieczor.Tests.LoginTest" name="validLogin" time="2.162">
    <skipped/>
  </testcase> <!-- validLogin -->
  <testcase classname="iWieczor.Tests.LoginTest" name="validLogin" time="3.763"/>
</testsuite> <!-- LoginTest -->
