<?xml version="1.0" encoding="UTF-8"?>
<testng-results ignored="0" total="2" passed="2" failed="0" skipped="0">
  <reporter-output>
  </reporter-output>
  <suite started-at="2024-03-03T17:56:14 CET" name="Suite" finished-at="2024-03-03T17:56:29 CET" duration-ms="14959">
    <groups>
      <group name="Purchase">
        <method signature="SubmitOrderTest.submitOrder(java.util.Map)[pri:0, instance:iWieczor.Tests.SubmitOrderTest@1caa0244]" name="submitOrder" class="iWieczor.Tests.SubmitOrderTest"/>
      </group> <!-- Purchase -->
    </groups>
    <test started-at="2024-03-03T17:56:14 CET" name="Error Validation Test" finished-at="2024-03-03T17:56:14 CET" duration-ms="6">
    </test> <!-- Error Validation Test -->
    <test started-at="2024-03-03T17:56:14 CET" name="Submit Order Test" finished-at="2024-03-03T17:56:29 CET" duration-ms="14959">
      <class name="iWieczor.Tests.SubmitOrderTest">
        <test-method is-config="true" signature="launchApplication()[pri:0, instance:iWieczor.Tests.SubmitOrderTest@1caa0244]" started-at="2024-03-03T17:56:14 CET" name="launchApplication" finished-at="2024-03-03T17:56:18 CET" duration-ms="3274" status="PASS">
          <reporter-output>
          </reporter-output>
        </test-method> <!-- launchApplication -->
        <test-method signature="submitOrder(java.util.Map)[pri:0, instance:iWieczor.Tests.SubmitOrderTest@1caa0244]" started-at="2024-03-03T17:56:18 CET" name="submitOrder" data-provider="getData" finished-at="2024-03-03T17:56:21 CET" duration-ms="3294" status="PASS">
          <params>
            <param index="0">
              <value>
                <![CDATA[{email=iwieczorek@iwie.com, password=Testtest1!, products=[IPHONE 13 PRO]}]]>
              </value>
            </param>
          </params>
          <reporter-output>
          </reporter-output>
        </test-method> <!-- submitOrder -->
        <test-method is-config="true" signature="tearDown()[pri:0, instance:iWieczor.Tests.SubmitOrderTest@1caa0244]" started-at="2024-03-03T17:56:21 CET" name="tearDown" finished-at="2024-03-03T17:56:21 CET" duration-ms="92" status="PASS">
          <reporter-output>
          </reporter-output>
        </test-method> <!-- tearDown -->
        <test-method is-config="true" signature="launchApplication()[pri:0, instance:iWieczor.Tests.SubmitOrderTest@1caa0244]" started-at="2024-03-03T17:56:21 CET" name="launchApplication" finished-at="2024-03-03T17:56:24 CET" duration-ms="3305" status="PASS">
          <reporter-output>
          </reporter-output>
        </test-method> <!-- launchApplication -->
        <test-method signature="submitOrder(java.util.Map)[pri:0, instance:iWieczor.Tests.SubmitOrderTest@1caa0244]" started-at="2024-03-03T17:56:24 CET" name="submitOrder" data-provider="getData" finished-at="2024-03-03T17:56:29 CET" duration-ms="4695" status="PASS">
          <params>
            <param index="0">
              <value>
                <![CDATA[{email=iwiecz2@ggg.com, password=Testtest1, products=[ADIDAS ORIGINAL, IPHONE 13 PRO]}]]>
              </value>
            </param>
          </params>
          <reporter-output>
          </reporter-output>
        </test-method> <!-- submitOrder -->
        <test-method is-config="true" signature="tearDown()[pri:0, instance:iWieczor.Tests.SubmitOrderTest@1caa0244]" started-at="2024-03-03T17:56:29 CET" name="tearDown" finished-at="2024-03-03T17:56:29 CET" duration-ms="97" status="PASS">
          <reporter-output>
          </reporter-output>
        </test-method> <!-- tearDown -->
      </class> <!-- iWieczor.Tests.SubmitOrderTest -->
    </test> <!-- Submit Order Test -->
  </suite> <!-- Suite -->
</testng-results>
