<?xml version="1.0" encoding="UTF-8"?>
<testng-results ignored="0" total="4" passed="4" failed="0" skipped="0">
  <reporter-output>
  </reporter-output>
  <suite started-at="2024-02-26T21:55:41 CET" name="Suite" finished-at="2024-02-26T21:55:56 CET" duration-ms="15244">
    <groups>
    </groups>
    <test started-at="2024-02-26T21:55:41 CET" name="Error Validation Test" finished-at="2024-02-26T21:55:55 CET" duration-ms="13812">
      <class name="iWieczor.Tests.ErrorLoginValidationTest">
        <test-method is-config="true" signature="launchApplication()[pri:0, instance:iWieczor.Tests.ErrorLoginValidationTest@75437611]" started-at="2024-02-26T21:55:41 CET" name="launchApplication" finished-at="2024-02-26T21:55:46 CET" duration-ms="4966" status="PASS">
          <reporter-output>
          </reporter-output>
        </test-method> <!-- launchApplication -->
        <test-method signature="errorLogin()[pri:0, instance:iWieczor.Tests.ErrorLoginValidationTest@75437611]" started-at="2024-02-26T21:55:46 CET" name="errorLogin" finished-at="2024-02-26T21:55:46 CET" duration-ms="652" status="PASS">
          <reporter-output>
          </reporter-output>
        </test-method> <!-- errorLogin -->
        <test-method is-config="true" signature="tearDown()[pri:0, instance:iWieczor.Tests.ErrorLoginValidationTest@75437611]" started-at="2024-02-26T21:55:46 CET" name="tearDown" finished-at="2024-02-26T21:55:47 CET" duration-ms="170" status="PASS">
          <reporter-output>
          </reporter-output>
        </test-method> <!-- tearDown -->
        <test-method is-config="true" signature="launchApplication()[pri:0, instance:iWieczor.Tests.ErrorLoginValidationTest@75437611]" started-at="2024-02-26T21:55:47 CET" name="launchApplication" finished-at="2024-02-26T21:55:50 CET" duration-ms="3686" status="PASS">
          <reporter-output>
          </reporter-output>
        </test-method> <!-- launchApplication -->
        <test-method signature="errorProduct()[pri:0, instance:iWieczor.Tests.ErrorLoginValidationTest@75437611]" started-at="2024-02-26T21:55:50 CET" name="errorProduct" finished-at="2024-02-26T21:55:54 CET" duration-ms="4137" status="PASS">
          <reporter-output>
          </reporter-output>
        </test-method> <!-- errorProduct -->
        <test-method is-config="true" signature="tearDown()[pri:0, instance:iWieczor.Tests.ErrorLoginValidationTest@75437611]" started-at="2024-02-26T21:55:54 CET" name="tearDown" finished-at="2024-02-26T21:55:55 CET" duration-ms="151" status="PASS">
          <reporter-output>
          </reporter-output>
        </test-method> <!-- tearDown -->
      </class> <!-- iWieczor.Tests.ErrorLoginValidationTest -->
    </test> <!-- Error Validation Test -->
    <test started-at="2024-02-26T21:55:41 CET" name="Submit Order Test" finished-at="2024-02-26T21:55:56 CET" duration-ms="15244">
      <class name="iWieczor.Tests.SubmitOrderTest">
        <test-method is-config="true" signature="launchApplication()[pri:0, instance:iWieczor.Tests.SubmitOrderTest@48aca48b]" started-at="2024-02-26T21:55:41 CET" name="launchApplication" finished-at="2024-02-26T21:55:46 CET" duration-ms="5081" status="PASS">
          <reporter-output>
          </reporter-output>
        </test-method> <!-- launchApplication -->
        <test-method signature="submitOrder()[pri:0, instance:iWieczor.Tests.SubmitOrderTest@48aca48b]" started-at="2024-02-26T21:55:46 CET" name="submitOrder" finished-at="2024-02-26T21:55:51 CET" duration-ms="5469" status="PASS">
          <reporter-output>
          </reporter-output>
        </test-method> <!-- submitOrder -->
        <test-method is-config="true" signature="tearDown()[pri:0, instance:iWieczor.Tests.SubmitOrderTest@48aca48b]" started-at="2024-02-26T21:55:51 CET" name="tearDown" finished-at="2024-02-26T21:55:51 CET" duration-ms="167" status="PASS">
          <reporter-output>
          </reporter-output>
        </test-method> <!-- tearDown -->
        <test-method is-config="true" signature="launchApplication()[pri:0, instance:iWieczor.Tests.SubmitOrderTest@48aca48b]" started-at="2024-02-26T21:55:51 CET" name="launchApplication" finished-at="2024-02-26T21:55:55 CET" duration-ms="3432" status="PASS">
          <reporter-output>
          </reporter-output>
        </test-method> <!-- launchApplication -->
        <test-method signature="OrderHistoryTest()[pri:0, instance:iWieczor.Tests.SubmitOrderTest@48aca48b]" started-at="2024-02-26T21:55:55 CET" name="OrderHistoryTest" finished-at="2024-02-26T21:55:56 CET" depends-on-methods="iWieczor.Tests.SubmitOrderTest.submitOrder" duration-ms="901" status="PASS">
          <reporter-output>
          </reporter-output>
        </test-method> <!-- OrderHistoryTest -->
        <test-method is-config="true" signature="tearDown()[pri:0, instance:iWieczor.Tests.SubmitOrderTest@48aca48b]" started-at="2024-02-26T21:55:56 CET" name="tearDown" finished-at="2024-02-26T21:55:56 CET" duration-ms="146" status="PASS">
          <reporter-output>
          </reporter-output>
        </test-method> <!-- tearDown -->
      </class> <!-- iWieczor.Tests.SubmitOrderTest -->
    </test> <!-- Submit Order Test -->
  </suite> <!-- Suite -->
</testng-results>
